2025-05-09 11:22:01 [main] INFO  it.unipi.lsmsd.Application - Starting Application using Java 23.0.2 with PID 20148 (D:\UniPi\Year1Sem1\LargeScale&MultiStructuredDB\Project\WheaterAppServer\target\classes started by roj5s in D:\UniPi\Year1Sem1\LargeScale&MultiStructuredDB\Project\WheaterAppServer)
2025-05-09 11:22:01 [main] INFO  it.unipi.lsmsd.Application - No active profile set, falling back to 1 default profile: "default"
2025-05-09 11:22:06 [main] INFO  it.unipi.lsmsd.Application - Started Application in 6.377 seconds (process running for 7.155)
2025-05-09 11:22:06 [main] INFO  it.unipi.lsmsd.Application - Successful Application Run 

2025-05-09 11:24:24 [main] INFO  it.unipi.lsmsd.Application - Starting Application using Java 23.0.2 with PID 10528 (D:\UniPi\Year1Sem1\LargeScale&MultiStructuredDB\Project\WheaterAppServer\target\classes started by roj5s in D:\UniPi\Year1Sem1\LargeScale&MultiStructuredDB\Project\WheaterAppServer)
2025-05-09 11:24:24 [main] INFO  it.unipi.lsmsd.Application - No active profile set, falling back to 1 default profile: "default"
2025-05-09 11:24:30 [main] INFO  it.unipi.lsmsd.Application - Started Application in 6.521 seconds (process running for 7.231)
2025-05-09 11:24:30 [main] INFO  it.unipi.lsmsd.Application - Successful Application Run 

2025-05-09 11:37:47 [main] INFO  it.unipi.lsmsd.Application - Starting Application using Java 23.0.2 with PID 14944 (D:\UniPi\Year1Sem1\LargeScale&MultiStructuredDB\Project\WheaterAppServer\target\classes started by roj5s in D:\UniPi\Year1Sem1\LargeScale&MultiStructuredDB\Project\WheaterAppServer)
2025-05-09 11:37:47 [main] INFO  it.unipi.lsmsd.Application - No active profile set, falling back to 1 default profile: "default"
2025-05-09 11:37:53 [main] INFO  it.unipi.lsmsd.Application - Started Application in 7.328 seconds (process running for 8.073)
2025-05-09 11:37:53 [main] INFO  it.unipi.lsmsd.Application - Successful Application Run 

2025-05-09 11:57:35 [main] INFO  it.unipi.lsmsd.Application - Starting Application using Java 23.0.2 with PID 17652 (D:\UniPi\Year1Sem1\LargeScale&MultiStructuredDB\Project\WheaterAppServer\target\classes started by roj5s in D:\UniPi\Year1Sem1\LargeScale&MultiStructuredDB\Project\WheaterAppServer)
2025-05-09 11:57:35 [main] INFO  it.unipi.lsmsd.Application - No active profile set, falling back to 1 default profile: "default"
2025-05-09 11:57:42 [main] INFO  it.unipi.lsmsd.Application - Started Application in 7.548 seconds (process running for 8.204)
2025-05-09 11:57:42 [main] INFO  i.u.lsmsd.utility.MongoInitializer - MongoDB: Collection 'cities' has been created
2025-05-09 11:57:42 [main] INFO  i.u.lsmsd.utility.MongoInitializer - MongoDB: Collection 'hourly_measurements' has been created
2025-05-09 11:57:42 [main] INFO  it.unipi.lsmsd.Application - Successful Application Run 

2025-05-09 11:58:18 [pool-2-thread-2] INFO  i.u.lsmsd.utility.MongoInitializer - Added HourlyMeasurement for pis-tus-43.7085-10.4036 and updated city.endDate = 2025-05-01T23:00
2025-05-09 11:58:19 [pool-2-thread-1] INFO  i.u.lsmsd.utility.MongoInitializer - Added HourlyMeasurement for flo-tus-43.7792-11.2463 and updated city.endDate = 2025-05-01T23:00
2025-05-09 12:16:13 [main] INFO  it.unipi.lsmsd.Application - Starting Application using Java 23.0.2 with PID 10228 (D:\UniPi\Year1Sem1\LargeScale&MultiStructuredDB\Project\WheaterAppServer\target\classes started by roj5s in D:\UniPi\Year1Sem1\LargeScale&MultiStructuredDB\Project\WheaterAppServer)
2025-05-09 12:16:13 [main] INFO  it.unipi.lsmsd.Application - No active profile set, falling back to 1 default profile: "default"
2025-05-09 12:16:18 [main] INFO  it.unipi.lsmsd.Application - Started Application in 6.427 seconds (process running for 7.123)
2025-05-09 12:16:18 [main] INFO  it.unipi.lsmsd.Application - Successful Application Run 

2025-05-09 12:26:50 [main] INFO  it.unipi.lsmsd.Application - Starting Application using Java 23.0.2 with PID 12924 (D:\UniPi\Year1Sem1\LargeScale&MultiStructuredDB\Project\WheaterAppServer\target\classes started by roj5s in D:\UniPi\Year1Sem1\LargeScale&MultiStructuredDB\Project\WheaterAppServer)
2025-05-09 12:26:50 [main] INFO  it.unipi.lsmsd.Application - No active profile set, falling back to 1 default profile: "default"
2025-05-09 12:26:56 [main] INFO  it.unipi.lsmsd.Application - Started Application in 7.06 seconds (process running for 7.897)
2025-05-09 12:26:56 [main] INFO  it.unipi.lsmsd.Application - Successful Application Run 

2025-05-09 12:30:18 [main] INFO  it.unipi.lsmsd.Application - Starting Application using Java 23.0.2 with PID 6920 (D:\UniPi\Year1Sem1\LargeScale&MultiStructuredDB\Project\WheaterAppServer\target\classes started by roj5s in D:\UniPi\Year1Sem1\LargeScale&MultiStructuredDB\Project\WheaterAppServer)
2025-05-09 12:30:18 [main] INFO  it.unipi.lsmsd.Application - No active profile set, falling back to 1 default profile: "default"
2025-05-09 12:30:25 [main] INFO  it.unipi.lsmsd.Application - Started Application in 7.136 seconds (process running for 8.048)
2025-05-09 12:30:25 [main] INFO  it.unipi.lsmsd.Application - Successful Application Run 

2025-05-09 14:17:12 [main] INFO  it.unipi.lsmsd.Application - Starting Application using Java 23.0.2 with PID 14752 (D:\UniPi\Year1Sem1\LargeScale&MultiStructuredDB\Project\WheaterAppServer\target\classes started by roj5s in D:\UniPi\Year1Sem1\LargeScale&MultiStructuredDB\Project\WheaterAppServer)
2025-05-09 14:17:12 [main] INFO  it.unipi.lsmsd.Application - No active profile set, falling back to 1 default profile: "default"
2025-05-09 14:17:18 [main] INFO  it.unipi.lsmsd.Application - Started Application in 7.185 seconds (process running for 8.355)
2025-05-09 14:17:18 [main] INFO  it.unipi.lsmsd.Application - Successful Application Run 

2025-05-09 14:28:53 [pool-2-thread-2] INFO  i.u.lsmsd.utility.MongoInitializer - Added HourlyMeasurement for pis-tus-43.7085-10.4036 and updated city.endDate = 2025-05-01T23:00
2025-05-09 14:28:53 [pool-2-thread-1] INFO  i.u.lsmsd.utility.MongoInitializer - Added HourlyMeasurement for flo-tus-43.7792-11.2463 and updated city.endDate = 2025-05-01T23:00
2025-05-09 14:35:54 [main] INFO  it.unipi.lsmsd.Application - Starting Application using Java 23.0.2 with PID 17036 (D:\UniPi\Year1Sem1\LargeScale&MultiStructuredDB\Project\WheaterAppServer\target\classes started by roj5s in D:\UniPi\Year1Sem1\LargeScale&MultiStructuredDB\Project\WheaterAppServer)
2025-05-09 14:35:54 [main] INFO  it.unipi.lsmsd.Application - No active profile set, falling back to 1 default profile: "default"
2025-05-09 14:36:00 [main] INFO  it.unipi.lsmsd.Application - Started Application in 6.282 seconds (process running for 7.138)
2025-05-09 14:36:00 [main] INFO  it.unipi.lsmsd.Application - Successful Application Run 

2025-05-09 14:43:21 [pool-2-thread-4] INFO  i.u.lsmsd.utility.MongoInitializer - Added HourlyMeasurement for pis-tus-43.7085-10.4036 and updated city.endDate = 2025-05-01T23:00
2025-05-09 14:43:21 [pool-2-thread-1] INFO  i.u.lsmsd.utility.MongoInitializer - Added HourlyMeasurement for flo-tus-43.7792-11.2463 and updated city.endDate = 2025-05-01T23:00
2025-05-09 14:43:21 [pool-2-thread-2] INFO  i.u.lsmsd.utility.MongoInitializer - Added HourlyMeasurement for mil-lom-45.4643-9.1895 and updated city.endDate = 2025-05-01T23:00
2025-05-09 14:43:21 [pool-2-thread-3] INFO  i.u.lsmsd.utility.MongoInitializer - Added HourlyMeasurement for nap-cam-40.8522-14.2681 and updated city.endDate = 2025-05-01T23:00
2025-05-09 14:43:25 [pool-2-thread-1] INFO  i.u.lsmsd.utility.MongoInitializer - Added HourlyMeasurement for tur-pie-45.0705-7.6868 and updated city.endDate = 2025-05-01T23:00
2025-05-09 14:43:25 [pool-2-thread-4] INFO  i.u.lsmsd.utility.MongoInitializer - Added HourlyMeasurement for rom-lat-41.8919-12.5113 and updated city.endDate = 2025-05-01T23:00
